<?xml version="1.0" encoding="UTF-8"?>
<!-- Generated by org.testng.reporters.JUnitReportReporter -->
<testsuite hostname="ETHAN_ALEX" failures="0" tests="1" name="testscripts.ManageFooterTextTest" time="11.988" errors="0" timestamp="2025-02-28T20:04:35 IST" skipped="0">
  <testcase classname="testscripts.ManageFooterTextTest" name="verifyThatAdminCanEditTheDetails" time="11.988"/>
</testsuite> <!-- testscripts.ManageFooterTextTest -->
