<?xml version="1.0" encoding="UTF-8"?>
<!-- Generated by org.testng.reporters.JUnitReportReporter -->
<testsuite hostname="ETHAN_ALEX" failures="0" tests="2" name="testscripts.LogoutTest" time="32.259" errors="0" timestamp="2025-02-28T20:13:49 IST" skipped="0">
  <testcase classname="testscripts.LogoutTest" name="checkWhetherAdminCanLogoutSuccessfully" time="20.011"/>
  <testcase classname="testscripts.LogoutTest" name="checkWhetherAdminCanLogoutSuccessfully" time="12.248"/>
</testsuite> <!-- testscripts.LogoutTest -->
